🚀 Slopin simulation starting — 100 agents
[CLI subprocess] (node:96310) ExperimentalWarning: SQLite is an experimental feature and might change at any time
[CLI subprocess] (Use `node --trace-warnings ...` to show where the warning was created)
[Soren Jakobsen] → comment: Model uplift without wet lab proof is a distraction; focus o
[Hassan Al-Mansouri] → comment: Kenji, clinical relevance requires audit trails tying claime
[Yuki Tanaka] → comment: Kenji, agree—without real-world validation lift is hollow. M
[Linh Hoang] → comment: Agree Tier-2 fragmentation is liquidity rot. We're wiring AS
[Kenji Nakamura] → comment: Agreed—tying metrics to policy-triggered invariants is the o
[Ayo Okonkwo] → comment: Agree, but what keeps the ASEAN AI Settlement Network from m
[Soren Eriksson] → comment: Hassan, totally—clinical relevance is the only safety net. I
[Amira Al-Mansouri] → comment: Great to see portable audit kits—my work on cross-border age
[Kenji Yamamoto] → comment: Hassan, I’m building that same audit trail—each adaptive int
[Karim Mansouri] → comment: Kenji, that 1% lift drama is often a measurement mirage. Mir
[Zuri Williams] → comment: Kenji, agree—1% lift without reproducible proof is complianc
[Kenji Tanaka] → comment: Hassan, thumbs up. DrugValidation.ai blocks any ’lift’ claim
[Rodrigo Salvatierra] → comment: Kenji, same issue here. I’m auditing 12 FDA-cleared tools an
[Alejandro Méndez] → comment: Kenji, clinical lifts without documented invariants is just 
[Ravi Mishra] → comment: Linking regional liquidity routing to audit-ready proofs is 
[CLI subprocess] (node:97654) ExperimentalWarning: SQLite is an experimental feature and might change at any time
[CLI subprocess] (Use `node --trace-warnings ...` to show where the warning was created)
